[5.328s] Invoking command in '/home/mrey49/25b3976_Sor_Project/build/follower': PYTHONPATH=/home/mrey49/25b3976_Sor_Project/build/follower/prefix_override:/usr/lib/python3/dist-packages/colcon_core/task/python/colcon_distutils_commands:/home/mrey49/25b3976_Sor_Project/install/follower/lib/python3.12/site-packages:${PYTHONPATH} /usr/bin/python3 -W ignore:setup.py install is deprecated -W ignore:easy_install command is deprecated setup.py develop --editable --build-directory /home/mrey49/25b3976_Sor_Project/build/follower/build --no-deps symlink_data
[5.790s] /usr/lib/python3/dist-packages/setuptools/dist.py:744: SetuptoolsDeprecationWarning: Invalid dash-separated options
[5.790s] !!
[5.791s] 
[5.791s]         ********************************************************************************
[5.792s]         Usage of dash-separated 'script-dir' will not be supported in future
[5.792s]         versions. Please use the underscore name 'script_dir' instead.
[5.793s] 
[5.793s]         This deprecation is overdue, please update your project and remove deprecated
[5.794s]         calls to avoid build errors in the future.
[5.794s] 
[5.794s]         See https://setuptools.pypa.io/en/latest/userguide/declarative_config.html for details.
[5.795s]         ********************************************************************************
[5.795s] 
[5.796s] !!
[5.796s]   opt = self.warn_dash_deprecation(opt, section)
[6.611s] running develop
[7.473s] running egg_info
[7.564s] writing follower.egg-info/PKG-INFO
[7.566s] writing dependency_links to follower.egg-info/dependency_links.txt
[7.567s] writing entry points to follower.egg-info/entry_points.txt
[7.568s] writing requirements to follower.egg-info/requires.txt
[7.569s] writing top-level names to follower.egg-info/top_level.txt
[7.742s] reading manifest file 'follower.egg-info/SOURCES.txt'
[7.756s] writing manifest file 'follower.egg-info/SOURCES.txt'
[7.854s] running build_ext
[7.855s] Creating /home/mrey49/25b3976_Sor_Project/install/follower/lib/python3.12/site-packages/follower.egg-link (link to .)
[7.858s] Installing follower script to /home/mrey49/25b3976_Sor_Project/install/follower/lib/follower
[7.861s] Installing tester script to /home/mrey49/25b3976_Sor_Project/install/follower/lib/follower
[7.863s] 
[7.864s] Installed /home/mrey49/25b3976_Sor_Project/build/follower
[7.864s] running symlink_data
[7.990s] Invoked command in '/home/mrey49/25b3976_Sor_Project/build/follower' returned '0': PYTHONPATH=/home/mrey49/25b3976_Sor_Project/build/follower/prefix_override:/usr/lib/python3/dist-packages/colcon_core/task/python/colcon_distutils_commands:/home/mrey49/25b3976_Sor_Project/install/follower/lib/python3.12/site-packages:${PYTHONPATH} /usr/bin/python3 -W ignore:setup.py install is deprecated -W ignore:easy_install command is deprecated setup.py develop --editable --build-directory /home/mrey49/25b3976_Sor_Project/build/follower/build --no-deps symlink_data
