[6.199s] Invoking command in '/home/mrey49/25b3976_Sor_Project/build/follower': PYTHONPATH=/home/mrey49/25b3976_Sor_Project/build/follower/prefix_override:/usr/lib/python3/dist-packages/colcon_core/task/python/colcon_distutils_commands:/home/mrey49/25b3976_Sor_Project/install/follower/lib/python3.12/site-packages:${PYTHONPATH} /usr/bin/python3 -W ignore:setup.py install is deprecated -W ignore:easy_install command is deprecated setup.py develop --editable --build-directory /home/mrey49/25b3976_Sor_Project/build/follower/build --no-deps symlink_data
[7.016s] /usr/lib/python3/dist-packages/setuptools/dist.py:744: SetuptoolsDeprecationWarning: Invalid dash-separated options
[7.017s] !!
[7.017s] 
[7.018s]         ********************************************************************************
[7.018s]         Usage of dash-separated 'script-dir' will not be supported in future
[7.019s]         versions. Please use the underscore name 'script_dir' instead.
[7.019s] 
[7.019s]         This deprecation is overdue, please update your project and remove deprecated
[7.020s]         calls to avoid build errors in the future.
[7.020s] 
[7.021s]         See https://setuptools.pypa.io/en/latest/userguide/declarative_config.html for details.
[7.021s]         ********************************************************************************
[7.021s] 
[7.022s] !!
[7.022s]   opt = self.warn_dash_deprecation(opt, section)
[8.194s] running develop
[9.350s] running egg_info
[9.444s] writing follower.egg-info/PKG-INFO
[9.473s] writing dependency_links to follower.egg-info/dependency_links.txt
[9.475s] writing entry points to follower.egg-info/entry_points.txt
[9.476s] writing requirements to follower.egg-info/requires.txt
[9.477s] writing top-level names to follower.egg-info/top_level.txt
[9.674s] reading manifest file 'follower.egg-info/SOURCES.txt'
[9.738s] writing manifest file 'follower.egg-info/SOURCES.txt'
[9.845s] running build_ext
[9.849s] Creating /home/mrey49/25b3976_Sor_Project/install/follower/lib/python3.12/site-packages/follower.egg-link (link to .)
[9.852s] Installing follower script to /home/mrey49/25b3976_Sor_Project/install/follower/lib/follower
[9.868s] Installing tester script to /home/mrey49/25b3976_Sor_Project/install/follower/lib/follower
[9.886s] 
[9.887s] Installed /home/mrey49/25b3976_Sor_Project/build/follower
[9.887s] running symlink_data
[10.198s] Invoked command in '/home/mrey49/25b3976_Sor_Project/build/follower' returned '0': PYTHONPATH=/home/mrey49/25b3976_Sor_Project/build/follower/prefix_override:/usr/lib/python3/dist-packages/colcon_core/task/python/colcon_distutils_commands:/home/mrey49/25b3976_Sor_Project/install/follower/lib/python3.12/site-packages:${PYTHONPATH} /usr/bin/python3 -W ignore:setup.py install is deprecated -W ignore:easy_install command is deprecated setup.py develop --editable --build-directory /home/mrey49/25b3976_Sor_Project/build/follower/build --no-deps symlink_data
