[3.552s] Invoking command in '/home/mrey49/25b3976_Sor_Project/build/follower': PYTHONPATH=/home/mrey49/25b3976_Sor_Project/build/follower/prefix_override:/usr/lib/python3/dist-packages/colcon_core/task/python/colcon_distutils_commands:/home/mrey49/25b3976_Sor_Project/install/follower/lib/python3.12/site-packages:${PYTHONPATH} /usr/bin/python3 -W ignore:setup.py install is deprecated -W ignore:easy_install command is deprecated setup.py develop --editable --build-directory /home/mrey49/25b3976_Sor_Project/build/follower/build --no-deps symlink_data
[3.980s] /usr/lib/python3/dist-packages/setuptools/dist.py:744: SetuptoolsDeprecationWarning: Invalid dash-separated options
[3.980s] !!
[3.980s] 
[3.980s]         ********************************************************************************
[3.981s]         Usage of dash-separated 'script-dir' will not be supported in future
[3.981s]         versions. Please use the underscore name 'script_dir' instead.
[3.981s] 
[3.981s]         This deprecation is overdue, please update your project and remove deprecated
[3.981s]         calls to avoid build errors in the future.
[3.982s] 
[3.982s]         See https://setuptools.pypa.io/en/latest/userguide/declarative_config.html for details.
[3.982s]         ********************************************************************************
[3.982s] 
[3.982s] !!
[3.983s]   opt = self.warn_dash_deprecation(opt, section)
[4.723s] running develop
[5.511s] running egg_info
[5.585s] writing follower.egg-info/PKG-INFO
[5.587s] writing dependency_links to follower.egg-info/dependency_links.txt
[5.589s] writing entry points to follower.egg-info/entry_points.txt
[5.642s] writing requirements to follower.egg-info/requires.txt
[5.644s] writing top-level names to follower.egg-info/top_level.txt
[5.800s] reading manifest file 'follower.egg-info/SOURCES.txt'
[5.804s] writing manifest file 'follower.egg-info/SOURCES.txt'
[5.886s] running build_ext
[5.887s] Creating /home/mrey49/25b3976_Sor_Project/install/follower/lib/python3.12/site-packages/follower.egg-link (link to .)
[5.892s] Installing follower script to /home/mrey49/25b3976_Sor_Project/install/follower/lib/follower
[5.894s] Installing tester script to /home/mrey49/25b3976_Sor_Project/install/follower/lib/follower
[5.897s] 
[5.898s] Installed /home/mrey49/25b3976_Sor_Project/build/follower
[5.898s] running symlink_data
[6.019s] Invoked command in '/home/mrey49/25b3976_Sor_Project/build/follower' returned '0': PYTHONPATH=/home/mrey49/25b3976_Sor_Project/build/follower/prefix_override:/usr/lib/python3/dist-packages/colcon_core/task/python/colcon_distutils_commands:/home/mrey49/25b3976_Sor_Project/install/follower/lib/python3.12/site-packages:${PYTHONPATH} /usr/bin/python3 -W ignore:setup.py install is deprecated -W ignore:easy_install command is deprecated setup.py develop --editable --build-directory /home/mrey49/25b3976_Sor_Project/build/follower/build --no-deps symlink_data
