[4.042s] Invoking command in '/home/mrey49/25b3976_Sor_Project/build/follower': PYTHONPATH=/home/mrey49/25b3976_Sor_Project/build/follower/prefix_override:/usr/lib/python3/dist-packages/colcon_core/task/python/colcon_distutils_commands:/home/mrey49/25b3976_Sor_Project/install/follower/lib/python3.12/site-packages:${PYTHONPATH} /usr/bin/python3 -W ignore:setup.py install is deprecated -W ignore:easy_install command is deprecated setup.py develop --editable --build-directory /home/mrey49/25b3976_Sor_Project/build/follower/build --no-deps symlink_data
[4.589s] /usr/lib/python3/dist-packages/setuptools/dist.py:744: SetuptoolsDeprecationWarning: Invalid dash-separated options
[4.590s] !!
[4.590s] 
[4.591s]         ********************************************************************************
[4.591s]         Usage of dash-separated 'script-dir' will not be supported in future
[4.591s]         versions. Please use the underscore name 'script_dir' instead.
[4.591s] 
[4.592s]         This deprecation is overdue, please update your project and remove deprecated
[4.592s]         calls to avoid build errors in the future.
[4.592s] 
[4.592s]         See https://setuptools.pypa.io/en/latest/userguide/declarative_config.html for details.
[4.592s]         ********************************************************************************
[4.593s] 
[4.593s] !!
[4.593s]   opt = self.warn_dash_deprecation(opt, section)
[5.428s] running develop
[6.508s] running egg_info
[6.601s] writing follower.egg-info/PKG-INFO
[6.603s] writing dependency_links to follower.egg-info/dependency_links.txt
[6.604s] writing entry points to follower.egg-info/entry_points.txt
[6.605s] writing requirements to follower.egg-info/requires.txt
[6.607s] writing top-level names to follower.egg-info/top_level.txt
[6.795s] reading manifest file 'follower.egg-info/SOURCES.txt'
[6.799s] writing manifest file 'follower.egg-info/SOURCES.txt'
[6.881s] running build_ext
[6.882s] Creating /home/mrey49/25b3976_Sor_Project/install/follower/lib/python3.12/site-packages/follower.egg-link (link to .)
[6.884s] Installing follower script to /home/mrey49/25b3976_Sor_Project/install/follower/lib/follower
[6.886s] Installing tester script to /home/mrey49/25b3976_Sor_Project/install/follower/lib/follower
[6.887s] 
[6.887s] Installed /home/mrey49/25b3976_Sor_Project/build/follower
[6.887s] running symlink_data
[7.020s] Invoked command in '/home/mrey49/25b3976_Sor_Project/build/follower' returned '0': PYTHONPATH=/home/mrey49/25b3976_Sor_Project/build/follower/prefix_override:/usr/lib/python3/dist-packages/colcon_core/task/python/colcon_distutils_commands:/home/mrey49/25b3976_Sor_Project/install/follower/lib/python3.12/site-packages:${PYTHONPATH} /usr/bin/python3 -W ignore:setup.py install is deprecated -W ignore:easy_install command is deprecated setup.py develop --editable --build-directory /home/mrey49/25b3976_Sor_Project/build/follower/build --no-deps symlink_data
