[1.707s] DEBUG:colcon:Command line arguments: ['/usr/bin/colcon', 'build', '--symlink-install']
[1.708s] DEBUG:colcon:Parsed command line arguments: Namespace(log_base=None, log_level=None, verb_name='build', build_base='build', install_base='install', merge_install=False, symlink_install=True, test_result_base=None, continue_on_error=False, executor='parallel', parallel_workers=8, event_handlers=None, ignore_user_meta=False, metas=['./colcon.meta'], base_paths=['.'], packages_ignore=None, packages_ignore_regex=None, paths=None, packages_up_to=None, packages_up_to_regex=None, packages_above=None, packages_above_and_dependencies=None, packages_above_depth=None, packages_select_by_dep=None, packages_skip_by_dep=None, packages_skip_up_to=None, packages_select_build_failed=False, packages_skip_build_finished=False, packages_select_test_failures=False, packages_skip_test_passed=False, packages_select=None, packages_skip=None, packages_select_regex=None, packages_skip_regex=None, packages_start=None, packages_end=None, allow_overriding=[], cmake_args=None, cmake_target=None, cmake_target_skip_unavailable=False, cmake_clean_cache=False, cmake_clean_first=False, cmake_force_configure=False, ament_cmake_args=None, catkin_cmake_args=None, catkin_skip_building_tests=False, verb_parser=<colcon_defaults.argument_parser.defaults.DefaultArgumentsDecorator object at 0x7123a5a63a40>, verb_extension=<colcon_core.verb.build.BuildVerb object at 0x7123a5bbddc0>, main=<bound method BuildVerb.main of <colcon_core.verb.build.BuildVerb object at 0x7123a5bbddc0>>)
[2.171s] Level 1:colcon.colcon_core.package_discovery:discover_packages(colcon_meta) check parameters
[2.172s] Level 1:colcon.colcon_core.package_discovery:discover_packages(recursive) check parameters
[2.172s] Level 1:colcon.colcon_core.package_discovery:discover_packages(ignore) check parameters
[2.172s] Level 1:colcon.colcon_core.package_discovery:discover_packages(path) check parameters
[2.173s] Level 1:colcon.colcon_core.package_discovery:discover_packages(colcon_meta) discover
[2.173s] Level 1:colcon.colcon_core.package_discovery:discover_packages(recursive) discover
[2.173s] INFO:colcon.colcon_core.package_discovery:Crawling recursively for packages in '/home/mrey49/25b3976_Sor_Project'
[2.174s] Level 1:colcon.colcon_core.package_identification:_identify(.) by extensions ['ignore', 'ignore_ament_install']
[2.175s] Level 1:colcon.colcon_core.package_identification:_identify(.) by extension 'ignore'
[2.175s] Level 1:colcon.colcon_core.package_identification:_identify(.) by extension 'ignore_ament_install'
[2.175s] Level 1:colcon.colcon_core.package_identification:_identify(.) by extensions ['colcon_pkg']
[2.175s] Level 1:colcon.colcon_core.package_identification:_identify(.) by extension 'colcon_pkg'
[2.176s] Level 1:colcon.colcon_core.package_identification:_identify(.) by extensions ['colcon_meta']
[2.176s] Level 1:colcon.colcon_core.package_identification:_identify(.) by extension 'colcon_meta'
[2.176s] Level 1:colcon.colcon_core.package_identification:_identify(.) by extensions ['ros']
[2.176s] Level 1:colcon.colcon_core.package_identification:_identify(.) by extension 'ros'
[2.299s] Level 1:colcon.colcon_core.package_identification:_identify(.) by extensions ['cmake', 'python']
[2.299s] Level 1:colcon.colcon_core.package_identification:_identify(.) by extension 'cmake'
[2.300s] Level 1:colcon.colcon_core.package_identification:_identify(.) by extension 'python'
[2.300s] Level 1:colcon.colcon_core.package_identification:_identify(.) by extensions ['python_setup_py']
[2.300s] Level 1:colcon.colcon_core.package_identification:_identify(.) by extension 'python_setup_py'
[2.301s] Level 1:colcon.colcon_core.package_identification:_identify(build) by extensions ['ignore', 'ignore_ament_install']
[2.301s] Level 1:colcon.colcon_core.package_identification:_identify(build) by extension 'ignore'
[2.301s] Level 1:colcon.colcon_core.package_identification:_identify(build) ignored
[2.301s] Level 1:colcon.colcon_core.package_identification:_identify(install) by extensions ['ignore', 'ignore_ament_install']
[2.302s] Level 1:colcon.colcon_core.package_identification:_identify(install) by extension 'ignore'
[2.302s] Level 1:colcon.colcon_core.package_identification:_identify(install) ignored
[2.302s] Level 1:colcon.colcon_core.package_identification:_identify(log) by extensions ['ignore', 'ignore_ament_install']
[2.303s] Level 1:colcon.colcon_core.package_identification:_identify(log) by extension 'ignore'
[2.303s] Level 1:colcon.colcon_core.package_identification:_identify(log) ignored
[2.303s] Level 1:colcon.colcon_core.package_identification:_identify(src) by extensions ['ignore', 'ignore_ament_install']
[2.303s] Level 1:colcon.colcon_core.package_identification:_identify(src) by extension 'ignore'
[2.304s] Level 1:colcon.colcon_core.package_identification:_identify(src) by extension 'ignore_ament_install'
[2.304s] Level 1:colcon.colcon_core.package_identification:_identify(src) by extensions ['colcon_pkg']
[2.304s] Level 1:colcon.colcon_core.package_identification:_identify(src) by extension 'colcon_pkg'
[2.304s] Level 1:colcon.colcon_core.package_identification:_identify(src) by extensions ['colcon_meta']
[2.304s] Level 1:colcon.colcon_core.package_identification:_identify(src) by extension 'colcon_meta'
[2.304s] Level 1:colcon.colcon_core.package_identification:_identify(src) by extensions ['ros']
[2.304s] Level 1:colcon.colcon_core.package_identification:_identify(src) by extension 'ros'
[2.305s] Level 1:colcon.colcon_core.package_identification:_identify(src) by extensions ['cmake', 'python']
[2.305s] Level 1:colcon.colcon_core.package_identification:_identify(src) by extension 'cmake'
[2.305s] Level 1:colcon.colcon_core.package_identification:_identify(src) by extension 'python'
[2.305s] Level 1:colcon.colcon_core.package_identification:_identify(src) by extensions ['python_setup_py']
[2.305s] Level 1:colcon.colcon_core.package_identification:_identify(src) by extension 'python_setup_py'
[2.306s] Level 1:colcon.colcon_core.package_identification:_identify(src/follower) by extensions ['ignore', 'ignore_ament_install']
[2.307s] Level 1:colcon.colcon_core.package_identification:_identify(src/follower) by extension 'ignore'
[2.307s] Level 1:colcon.colcon_core.package_identification:_identify(src/follower) by extension 'ignore_ament_install'
[2.307s] Level 1:colcon.colcon_core.package_identification:_identify(src/follower) by extensions ['colcon_pkg']
[2.308s] Level 1:colcon.colcon_core.package_identification:_identify(src/follower) by extension 'colcon_pkg'
[2.308s] Level 1:colcon.colcon_core.package_identification:_identify(src/follower) by extensions ['colcon_meta']
[2.308s] Level 1:colcon.colcon_core.package_identification:_identify(src/follower) by extension 'colcon_meta'
[2.308s] Level 1:colcon.colcon_core.package_identification:_identify(src/follower) by extensions ['ros']
[2.308s] Level 1:colcon.colcon_core.package_identification:_identify(src/follower) by extension 'ros'
[2.328s] DEBUG:colcon.colcon_core.package_identification:Package 'src/follower' with type 'ros.ament_python' and name 'follower'
[2.328s] Level 1:colcon.colcon_core.package_discovery:discover_packages(recursive) using defaults
[2.329s] Level 1:colcon.colcon_core.package_discovery:discover_packages(ignore) discover
[2.329s] Level 1:colcon.colcon_core.package_discovery:discover_packages(ignore) using defaults
[2.329s] Level 1:colcon.colcon_core.package_discovery:discover_packages(path) discover
[2.329s] Level 1:colcon.colcon_core.package_discovery:discover_packages(path) using defaults
[2.518s] Level 1:colcon.colcon_core.package_discovery:discover_packages(prefix_path) check parameters
[2.518s] Level 1:colcon.colcon_core.package_discovery:discover_packages(prefix_path) discover
[2.600s] DEBUG:colcon.colcon_installed_package_information.package_discovery:Found 409 installed packages in /opt/ros/jazzy
[2.610s] Level 1:colcon.colcon_core.package_discovery:discover_packages(prefix_path) using defaults
[3.269s] Level 5:colcon.colcon_core.verb:set package 'follower' build argument 'cmake_args' from command line to 'None'
[3.269s] Level 5:colcon.colcon_core.verb:set package 'follower' build argument 'cmake_target' from command line to 'None'
[3.269s] Level 5:colcon.colcon_core.verb:set package 'follower' build argument 'cmake_target_skip_unavailable' from command line to 'False'
[3.269s] Level 5:colcon.colcon_core.verb:set package 'follower' build argument 'cmake_clean_cache' from command line to 'False'
[3.269s] Level 5:colcon.colcon_core.verb:set package 'follower' build argument 'cmake_clean_first' from command line to 'False'
[3.269s] Level 5:colcon.colcon_core.verb:set package 'follower' build argument 'cmake_force_configure' from command line to 'False'
[3.269s] Level 5:colcon.colcon_core.verb:set package 'follower' build argument 'ament_cmake_args' from command line to 'None'
[3.269s] Level 5:colcon.colcon_core.verb:set package 'follower' build argument 'catkin_cmake_args' from command line to 'None'
[3.269s] Level 5:colcon.colcon_core.verb:set package 'follower' build argument 'catkin_skip_building_tests' from command line to 'False'
[3.270s] DEBUG:colcon.colcon_core.verb:Building package 'follower' with the following arguments: {'ament_cmake_args': None, 'build_base': '/home/mrey49/25b3976_Sor_Project/build/follower', 'catkin_cmake_args': None, 'catkin_skip_building_tests': False, 'cmake_args': None, 'cmake_clean_cache': False, 'cmake_clean_first': False, 'cmake_force_configure': False, 'cmake_target': None, 'cmake_target_skip_unavailable': False, 'install_base': '/home/mrey49/25b3976_Sor_Project/install/follower', 'merge_install': False, 'path': '/home/mrey49/25b3976_Sor_Project/src/follower', 'symlink_install': True, 'test_result_base': None}
[3.271s] INFO:colcon.colcon_core.executor:Executing jobs using 'parallel' executor
[3.277s] DEBUG:colcon.colcon_parallel_executor.executor.parallel:run_until_complete
[3.278s] INFO:colcon.colcon_ros.task.ament_python.build:Building ROS package in '/home/mrey49/25b3976_Sor_Project/src/follower' with build type 'ament_python'
[3.278s] Level 1:colcon.colcon_core.shell:create_environment_hook('follower', 'ament_prefix_path')
[3.311s] INFO:colcon.colcon_core.plugin_system:Skipping extension 'colcon_core.shell.bat': Not used on non-Windows systems
[3.312s] INFO:colcon.colcon_core.shell:Creating environment hook '/home/mrey49/25b3976_Sor_Project/install/follower/share/follower/hook/ament_prefix_path.ps1'
[3.322s] INFO:colcon.colcon_core.shell:Creating environment descriptor '/home/mrey49/25b3976_Sor_Project/install/follower/share/follower/hook/ament_prefix_path.dsv'
[3.327s] INFO:colcon.colcon_core.shell:Creating environment hook '/home/mrey49/25b3976_Sor_Project/install/follower/share/follower/hook/ament_prefix_path.sh'
[3.330s] INFO:colcon.colcon_core.shell:Skip shell extension 'powershell' for command environment: Not usable outside of PowerShell
[3.331s] DEBUG:colcon.colcon_core.shell:Skip shell extension 'dsv' for command environment
[4.674s] INFO:colcon.colcon_core.task.python.build:Building Python package in '/home/mrey49/25b3976_Sor_Project/src/follower'
[4.675s] INFO:colcon.colcon_core.shell:Skip shell extension 'powershell' for command environment: Not usable outside of PowerShell
[4.675s] DEBUG:colcon.colcon_core.shell:Skip shell extension 'dsv' for command environment
[10.042s] DEBUG:colcon.colcon_core.event_handler.log_command:Invoking command in '/home/mrey49/25b3976_Sor_Project/build/follower': PYTHONPATH=/home/mrey49/25b3976_Sor_Project/build/follower/prefix_override:/usr/lib/python3/dist-packages/colcon_core/task/python/colcon_distutils_commands:/home/mrey49/25b3976_Sor_Project/install/follower/lib/python3.12/site-packages:${PYTHONPATH} /usr/bin/python3 -W ignore:setup.py install is deprecated -W ignore:easy_install command is deprecated setup.py develop --editable --build-directory /home/mrey49/25b3976_Sor_Project/build/follower/build --no-deps symlink_data
[13.307s] Level 1:colcon.colcon_core.shell:create_environment_hook('follower', 'pythonpath_develop')
[13.308s] DEBUG:colcon.colcon_core.event_handler.log_command:Invoked command in '/home/mrey49/25b3976_Sor_Project/build/follower' returned '0': PYTHONPATH=/home/mrey49/25b3976_Sor_Project/build/follower/prefix_override:/usr/lib/python3/dist-packages/colcon_core/task/python/colcon_distutils_commands:/home/mrey49/25b3976_Sor_Project/install/follower/lib/python3.12/site-packages:${PYTHONPATH} /usr/bin/python3 -W ignore:setup.py install is deprecated -W ignore:easy_install command is deprecated setup.py develop --editable --build-directory /home/mrey49/25b3976_Sor_Project/build/follower/build --no-deps symlink_data
[13.309s] INFO:colcon.colcon_core.shell:Creating environment hook '/home/mrey49/25b3976_Sor_Project/build/follower/share/follower/hook/pythonpath_develop.ps1'
[13.312s] INFO:colcon.colcon_core.shell:Creating environment descriptor '/home/mrey49/25b3976_Sor_Project/build/follower/share/follower/hook/pythonpath_develop.dsv'
[13.314s] INFO:colcon.colcon_core.shell:Creating environment hook '/home/mrey49/25b3976_Sor_Project/build/follower/share/follower/hook/pythonpath_develop.sh'
[13.343s] Level 1:colcon.colcon_core.environment:checking '/home/mrey49/25b3976_Sor_Project/install/follower' for CMake module files
[13.345s] Level 1:colcon.colcon_core.environment:checking '/home/mrey49/25b3976_Sor_Project/install/follower' for CMake config files
[13.364s] Level 1:colcon.colcon_core.environment:checking '/home/mrey49/25b3976_Sor_Project/install/follower/lib'
[13.365s] Level 1:colcon.colcon_core.environment:checking '/home/mrey49/25b3976_Sor_Project/install/follower/bin'
[13.365s] Level 1:colcon.colcon_core.environment:checking '/home/mrey49/25b3976_Sor_Project/install/follower/lib/pkgconfig/follower.pc'
[13.366s] Level 1:colcon.colcon_core.environment:checking '/home/mrey49/25b3976_Sor_Project/install/follower/lib/python3.12/site-packages'
[13.367s] Level 1:colcon.colcon_core.shell:create_environment_hook('follower', 'pythonpath')
[13.368s] INFO:colcon.colcon_core.shell:Creating environment hook '/home/mrey49/25b3976_Sor_Project/install/follower/share/follower/hook/pythonpath.ps1'
[13.369s] INFO:colcon.colcon_core.shell:Creating environment descriptor '/home/mrey49/25b3976_Sor_Project/install/follower/share/follower/hook/pythonpath.dsv'
[13.371s] INFO:colcon.colcon_core.shell:Creating environment hook '/home/mrey49/25b3976_Sor_Project/install/follower/share/follower/hook/pythonpath.sh'
[13.373s] Level 1:colcon.colcon_core.environment:checking '/home/mrey49/25b3976_Sor_Project/install/follower/bin'
[13.374s] Level 1:colcon.colcon_core.environment:create_environment_scripts_only(follower)
[13.374s] INFO:colcon.colcon_core.shell:Creating package script '/home/mrey49/25b3976_Sor_Project/install/follower/share/follower/package.ps1'
[13.379s] INFO:colcon.colcon_core.shell:Creating package descriptor '/home/mrey49/25b3976_Sor_Project/install/follower/share/follower/package.dsv'
[13.387s] INFO:colcon.colcon_core.shell:Creating package script '/home/mrey49/25b3976_Sor_Project/install/follower/share/follower/package.sh'
[13.392s] INFO:colcon.colcon_core.shell:Creating package script '/home/mrey49/25b3976_Sor_Project/install/follower/share/follower/package.bash'
[13.396s] INFO:colcon.colcon_core.shell:Creating package script '/home/mrey49/25b3976_Sor_Project/install/follower/share/follower/package.zsh'
[13.405s] Level 1:colcon.colcon_core.environment:create_file_with_runtime_dependencies(/home/mrey49/25b3976_Sor_Project/install/follower/share/colcon-core/packages/follower)
[13.408s] DEBUG:colcon.colcon_parallel_executor.executor.parallel:closing loop
[13.409s] DEBUG:colcon.colcon_parallel_executor.executor.parallel:loop closed
[13.409s] DEBUG:colcon.colcon_parallel_executor.executor.parallel:run_until_complete finished with '0'
[13.409s] DEBUG:colcon.colcon_core.event_reactor:joining thread
[13.649s] INFO:colcon.colcon_core.plugin_system:Skipping extension 'colcon_notification.desktop_notification.notify_send': Could not find 'notify-send'
[13.650s] INFO:colcon.colcon_core.plugin_system:Skipping extension 'colcon_notification.desktop_notification.terminal_notifier': Not used on non-Darwin systems
[13.650s] INFO:colcon.colcon_core.plugin_system:Skipping extension 'colcon_notification.desktop_notification.win32': Not used on non-Windows systems
[13.650s] INFO:colcon.colcon_notification.desktop_notification:Sending desktop notification using 'notify2'
[13.680s] DEBUG:colcon.colcon_notification.desktop_notification.notify2:Failed to initialize notify2: org.freedesktop.DBus.Error.ServiceUnknown: The name org.freedesktop.Notifications was not provided by any .service files
[13.681s] DEBUG:colcon.colcon_core.event_reactor:joined thread
[13.682s] INFO:colcon.colcon_core.shell:Creating prefix script '/home/mrey49/25b3976_Sor_Project/install/local_setup.ps1'
[13.686s] INFO:colcon.colcon_core.shell:Creating prefix util module '/home/mrey49/25b3976_Sor_Project/install/_local_setup_util_ps1.py'
[13.699s] INFO:colcon.colcon_core.shell:Creating prefix chain script '/home/mrey49/25b3976_Sor_Project/install/setup.ps1'
[13.713s] INFO:colcon.colcon_core.shell:Creating prefix script '/home/mrey49/25b3976_Sor_Project/install/local_setup.sh'
[13.716s] INFO:colcon.colcon_core.shell:Creating prefix util module '/home/mrey49/25b3976_Sor_Project/install/_local_setup_util_sh.py'
[13.719s] INFO:colcon.colcon_core.shell:Creating prefix chain script '/home/mrey49/25b3976_Sor_Project/install/setup.sh'
[13.734s] INFO:colcon.colcon_core.shell:Creating prefix script '/home/mrey49/25b3976_Sor_Project/install/local_setup.bash'
[13.738s] INFO:colcon.colcon_core.shell:Creating prefix chain script '/home/mrey49/25b3976_Sor_Project/install/setup.bash'
[13.752s] INFO:colcon.colcon_core.shell:Creating prefix script '/home/mrey49/25b3976_Sor_Project/install/local_setup.zsh'
[13.768s] INFO:colcon.colcon_core.shell:Creating prefix chain script '/home/mrey49/25b3976_Sor_Project/install/setup.zsh'
