[3.833s] Invoking command in '/home/mrey49/25b3976_Sor_Project/build/follower': PYTHONPATH=/home/mrey49/25b3976_Sor_Project/build/follower/prefix_override:/usr/lib/python3/dist-packages/colcon_core/task/python/colcon_distutils_commands:/home/mrey49/25b3976_Sor_Project/install/follower/lib/python3.12/site-packages:${PYTHONPATH} /usr/bin/python3 -W ignore:setup.py install is deprecated -W ignore:easy_install command is deprecated setup.py develop --editable --build-directory /home/mrey49/25b3976_Sor_Project/build/follower/build --no-deps symlink_data
[4.272s] /usr/lib/python3/dist-packages/setuptools/dist.py:744: SetuptoolsDeprecationWarning: Invalid dash-separated options
[4.272s] !!
[4.273s] 
[4.273s]         ********************************************************************************
[4.274s]         Usage of dash-separated 'script-dir' will not be supported in future
[4.274s]         versions. Please use the underscore name 'script_dir' instead.
[4.274s] 
[4.274s]         This deprecation is overdue, please update your project and remove deprecated
[4.275s]         calls to avoid build errors in the future.
[4.275s] 
[4.275s]         See https://setuptools.pypa.io/en/latest/userguide/declarative_config.html for details.
[4.275s]         ********************************************************************************
[4.276s] 
[4.276s] !!
[4.276s]   opt = self.warn_dash_deprecation(opt, section)
[5.178s] running develop
[6.043s] running egg_info
[6.149s] writing follower.egg-info/PKG-INFO
[6.150s] writing dependency_links to follower.egg-info/dependency_links.txt
[6.152s] writing entry points to follower.egg-info/entry_points.txt
[6.154s] writing requirements to follower.egg-info/requires.txt
[6.155s] writing top-level names to follower.egg-info/top_level.txt
[6.346s] reading manifest file 'follower.egg-info/SOURCES.txt'
[6.350s] writing manifest file 'follower.egg-info/SOURCES.txt'
[6.427s] running build_ext
[6.428s] Creating /home/mrey49/25b3976_Sor_Project/install/follower/lib/python3.12/site-packages/follower.egg-link (link to .)
[6.430s] Installing follower script to /home/mrey49/25b3976_Sor_Project/install/follower/lib/follower
[6.432s] Installing tester script to /home/mrey49/25b3976_Sor_Project/install/follower/lib/follower
[6.435s] 
[6.435s] Installed /home/mrey49/25b3976_Sor_Project/build/follower
[6.436s] running symlink_data
[6.551s] Invoked command in '/home/mrey49/25b3976_Sor_Project/build/follower' returned '0': PYTHONPATH=/home/mrey49/25b3976_Sor_Project/build/follower/prefix_override:/usr/lib/python3/dist-packages/colcon_core/task/python/colcon_distutils_commands:/home/mrey49/25b3976_Sor_Project/install/follower/lib/python3.12/site-packages:${PYTHONPATH} /usr/bin/python3 -W ignore:setup.py install is deprecated -W ignore:easy_install command is deprecated setup.py develop --editable --build-directory /home/mrey49/25b3976_Sor_Project/build/follower/build --no-deps symlink_data
