[4.491s] Invoking command in '/home/mrey49/25b3976_Sor_Project/build/follower': PYTHONPATH=/home/mrey49/25b3976_Sor_Project/build/follower/prefix_override:/usr/lib/python3/dist-packages/colcon_core/task/python/colcon_distutils_commands:/home/mrey49/25b3976_Sor_Project/install/follower/lib/python3.12/site-packages:${PYTHONPATH} /usr/bin/python3 -W ignore:setup.py install is deprecated -W ignore:easy_install command is deprecated setup.py develop --editable --build-directory /home/mrey49/25b3976_Sor_Project/build/follower/build --no-deps symlink_data
[5.094s] /usr/lib/python3/dist-packages/setuptools/dist.py:744: SetuptoolsDeprecationWarning: Invalid dash-separated options
[5.095s] !!
[5.095s] 
[5.096s]         ********************************************************************************
[5.096s]         Usage of dash-separated 'script-dir' will not be supported in future
[5.097s]         versions. Please use the underscore name 'script_dir' instead.
[5.097s] 
[5.098s]         This deprecation is overdue, please update your project and remove deprecated
[5.098s]         calls to avoid build errors in the future.
[5.099s] 
[5.099s]         See https://setuptools.pypa.io/en/latest/userguide/declarative_config.html for details.
[5.100s]         ********************************************************************************
[5.100s] 
[5.100s] !!
[5.101s]   opt = self.warn_dash_deprecation(opt, section)
[5.955s] running develop
[6.853s] running egg_info
[6.950s] writing follower.egg-info/PKG-INFO
[6.953s] writing dependency_links to follower.egg-info/dependency_links.txt
[6.955s] writing entry points to follower.egg-info/entry_points.txt
[6.956s] writing requirements to follower.egg-info/requires.txt
[6.957s] writing top-level names to follower.egg-info/top_level.txt
[7.151s] reading manifest file 'follower.egg-info/SOURCES.txt'
[7.156s] writing manifest file 'follower.egg-info/SOURCES.txt'
[7.240s] running build_ext
[7.242s] Creating /home/mrey49/25b3976_Sor_Project/install/follower/lib/python3.12/site-packages/follower.egg-link (link to .)
[7.245s] Installing follower script to /home/mrey49/25b3976_Sor_Project/install/follower/lib/follower
[7.248s] Installing tester script to /home/mrey49/25b3976_Sor_Project/install/follower/lib/follower
[7.250s] 
[7.251s] Installed /home/mrey49/25b3976_Sor_Project/build/follower
[7.251s] running symlink_data
[7.403s] Invoked command in '/home/mrey49/25b3976_Sor_Project/build/follower' returned '0': PYTHONPATH=/home/mrey49/25b3976_Sor_Project/build/follower/prefix_override:/usr/lib/python3/dist-packages/colcon_core/task/python/colcon_distutils_commands:/home/mrey49/25b3976_Sor_Project/install/follower/lib/python3.12/site-packages:${PYTHONPATH} /usr/bin/python3 -W ignore:setup.py install is deprecated -W ignore:easy_install command is deprecated setup.py develop --editable --build-directory /home/mrey49/25b3976_Sor_Project/build/follower/build --no-deps symlink_data
