[4.928s] Invoking command in '/home/mrey49/25b3976_Sor_Project/build/follower': PYTHONPATH=/home/mrey49/25b3976_Sor_Project/build/follower/prefix_override:/usr/lib/python3/dist-packages/colcon_core/task/python/colcon_distutils_commands:/home/mrey49/25b3976_Sor_Project/install/follower/lib/python3.12/site-packages:${PYTHONPATH} /usr/bin/python3 -W ignore:setup.py install is deprecated -W ignore:easy_install command is deprecated setup.py develop --editable --build-directory /home/mrey49/25b3976_Sor_Project/build/follower/build --no-deps symlink_data
[5.450s] /usr/lib/python3/dist-packages/setuptools/dist.py:744: SetuptoolsDeprecationWarning: Invalid dash-separated options
[5.451s] !!
[5.452s] 
[5.452s]         ********************************************************************************
[5.453s]         Usage of dash-separated 'script-dir' will not be supported in future
[5.453s]         versions. Please use the underscore name 'script_dir' instead.
[5.454s] 
[5.454s]         This deprecation is overdue, please update your project and remove deprecated
[5.455s]         calls to avoid build errors in the future.
[5.455s] 
[5.455s]         See https://setuptools.pypa.io/en/latest/userguide/declarative_config.html for details.
[5.456s]         ********************************************************************************
[5.456s] 
[5.457s] !!
[5.457s]   opt = self.warn_dash_deprecation(opt, section)
[6.397s] running develop
[7.730s] running egg_info
[7.822s] writing follower.egg-info/PKG-INFO
[7.826s] writing dependency_links to follower.egg-info/dependency_links.txt
[7.827s] writing entry points to follower.egg-info/entry_points.txt
[7.829s] writing requirements to follower.egg-info/requires.txt
[7.830s] writing top-level names to follower.egg-info/top_level.txt
[8.045s] reading manifest file 'follower.egg-info/SOURCES.txt'
[8.107s] writing manifest file 'follower.egg-info/SOURCES.txt'
[8.255s] running build_ext
[8.256s] Creating /home/mrey49/25b3976_Sor_Project/install/follower/lib/python3.12/site-packages/follower.egg-link (link to .)
[8.260s] Installing follower script to /home/mrey49/25b3976_Sor_Project/install/follower/lib/follower
[8.263s] Installing tester script to /home/mrey49/25b3976_Sor_Project/install/follower/lib/follower
[8.266s] 
[8.266s] Installed /home/mrey49/25b3976_Sor_Project/build/follower
[8.266s] running symlink_data
[8.398s] Invoked command in '/home/mrey49/25b3976_Sor_Project/build/follower' returned '0': PYTHONPATH=/home/mrey49/25b3976_Sor_Project/build/follower/prefix_override:/usr/lib/python3/dist-packages/colcon_core/task/python/colcon_distutils_commands:/home/mrey49/25b3976_Sor_Project/install/follower/lib/python3.12/site-packages:${PYTHONPATH} /usr/bin/python3 -W ignore:setup.py install is deprecated -W ignore:easy_install command is deprecated setup.py develop --editable --build-directory /home/mrey49/25b3976_Sor_Project/build/follower/build --no-deps symlink_data
