[4.473s] Invoking command in '/home/mrey49/25b3976_Sor_Project/build/follower': PYTHONPATH=/home/mrey49/25b3976_Sor_Project/build/follower/prefix_override:/usr/lib/python3/dist-packages/colcon_core/task/python/colcon_distutils_commands:/home/mrey49/25b3976_Sor_Project/install/follower/lib/python3.12/site-packages:${PYTHONPATH} /usr/bin/python3 -W ignore:setup.py install is deprecated -W ignore:easy_install command is deprecated setup.py develop --editable --build-directory /home/mrey49/25b3976_Sor_Project/build/follower/build --no-deps symlink_data
[4.961s] /usr/lib/python3/dist-packages/setuptools/dist.py:744: SetuptoolsDeprecationWarning: Invalid dash-separated options
[4.962s] !!
[4.963s] 
[4.963s]         ********************************************************************************
[4.963s]         Usage of dash-separated 'script-dir' will not be supported in future
[4.964s]         versions. Please use the underscore name 'script_dir' instead.
[4.964s] 
[4.964s]         This deprecation is overdue, please update your project and remove deprecated
[4.964s]         calls to avoid build errors in the future.
[4.965s] 
[4.965s]         See https://setuptools.pypa.io/en/latest/userguide/declarative_config.html for details.
[4.966s]         ********************************************************************************
[4.966s] 
[4.967s] !!
[4.967s]   opt = self.warn_dash_deprecation(opt, section)
[5.796s] running develop
[6.734s] running egg_info
[6.820s] writing follower.egg-info/PKG-INFO
[6.821s] writing dependency_links to follower.egg-info/dependency_links.txt
[6.822s] writing entry points to follower.egg-info/entry_points.txt
[6.823s] writing requirements to follower.egg-info/requires.txt
[6.824s] writing top-level names to follower.egg-info/top_level.txt
[7.010s] reading manifest file 'follower.egg-info/SOURCES.txt'
[7.014s] writing manifest file 'follower.egg-info/SOURCES.txt'
[7.122s] running build_ext
[7.124s] Creating /home/mrey49/25b3976_Sor_Project/install/follower/lib/python3.12/site-packages/follower.egg-link (link to .)
[7.126s] Installing follower script to /home/mrey49/25b3976_Sor_Project/install/follower/lib/follower
[7.130s] Installing tester script to /home/mrey49/25b3976_Sor_Project/install/follower/lib/follower
[7.132s] 
[7.133s] Installed /home/mrey49/25b3976_Sor_Project/build/follower
[7.133s] running symlink_data
[7.267s] Invoked command in '/home/mrey49/25b3976_Sor_Project/build/follower' returned '0': PYTHONPATH=/home/mrey49/25b3976_Sor_Project/build/follower/prefix_override:/usr/lib/python3/dist-packages/colcon_core/task/python/colcon_distutils_commands:/home/mrey49/25b3976_Sor_Project/install/follower/lib/python3.12/site-packages:${PYTHONPATH} /usr/bin/python3 -W ignore:setup.py install is deprecated -W ignore:easy_install command is deprecated setup.py develop --editable --build-directory /home/mrey49/25b3976_Sor_Project/build/follower/build --no-deps symlink_data
