[5.655s] Invoking command in '/home/mrey49/25b3976_Sor_Project/build/follower': PYTHONPATH=/home/mrey49/25b3976_Sor_Project/build/follower/prefix_override:/usr/lib/python3/dist-packages/colcon_core/task/python/colcon_distutils_commands:/home/mrey49/25b3976_Sor_Project/install/follower/lib/python3.12/site-packages:${PYTHONPATH} /usr/bin/python3 -W ignore:setup.py install is deprecated -W ignore:easy_install command is deprecated setup.py develop --editable --build-directory /home/mrey49/25b3976_Sor_Project/build/follower/build --no-deps symlink_data
[6.262s] /usr/lib/python3/dist-packages/setuptools/dist.py:744: SetuptoolsDeprecationWarning: Invalid dash-separated options
[6.262s] !!
[6.262s] 
[6.263s]         ********************************************************************************
[6.263s]         Usage of dash-separated 'script-dir' will not be supported in future
[6.264s]         versions. Please use the underscore name 'script_dir' instead.
[6.264s] 
[6.265s]         This deprecation is overdue, please update your project and remove deprecated
[6.269s]         calls to avoid build errors in the future.
[6.270s] 
[6.270s]         See https://setuptools.pypa.io/en/latest/userguide/declarative_config.html for details.
[6.271s]         ********************************************************************************
[6.271s] 
[6.274s] !!
[6.274s]   opt = self.warn_dash_deprecation(opt, section)
[7.371s] running develop
[8.271s] running egg_info
[8.357s] writing follower.egg-info/PKG-INFO
[8.360s] writing dependency_links to follower.egg-info/dependency_links.txt
[8.361s] writing entry points to follower.egg-info/entry_points.txt
[8.363s] writing requirements to follower.egg-info/requires.txt
[8.365s] writing top-level names to follower.egg-info/top_level.txt
[8.538s] reading manifest file 'follower.egg-info/SOURCES.txt'
[8.542s] writing manifest file 'follower.egg-info/SOURCES.txt'
[8.627s] running build_ext
[8.628s] Creating /home/mrey49/25b3976_Sor_Project/install/follower/lib/python3.12/site-packages/follower.egg-link (link to .)
[8.632s] Installing follower script to /home/mrey49/25b3976_Sor_Project/install/follower/lib/follower
[8.633s] Installing tester script to /home/mrey49/25b3976_Sor_Project/install/follower/lib/follower
[8.635s] 
[8.635s] Installed /home/mrey49/25b3976_Sor_Project/build/follower
[8.636s] running symlink_data
[8.765s] Invoked command in '/home/mrey49/25b3976_Sor_Project/build/follower' returned '0': PYTHONPATH=/home/mrey49/25b3976_Sor_Project/build/follower/prefix_override:/usr/lib/python3/dist-packages/colcon_core/task/python/colcon_distutils_commands:/home/mrey49/25b3976_Sor_Project/install/follower/lib/python3.12/site-packages:${PYTHONPATH} /usr/bin/python3 -W ignore:setup.py install is deprecated -W ignore:easy_install command is deprecated setup.py develop --editable --build-directory /home/mrey49/25b3976_Sor_Project/build/follower/build --no-deps symlink_data
