/usr/lib/python3/dist-packages/setuptools/dist.py:744: SetuptoolsDeprecationWarning: Invalid dash-separated options
!!

        ********************************************************************************
        Usage of dash-separated 'script-dir' will not be supported in future
        versions. Please use the underscore name 'script_dir' instead.

        This deprecation is overdue, please update your project and remove deprecated
        calls to avoid build errors in the future.

        See https://setuptools.pypa.io/en/latest/userguide/declarative_config.html for details.
        ********************************************************************************

!!
  opt = self.warn_dash_deprecation(opt, section)
running develop
running egg_info
writing follower.egg-info/PKG-INFO
writing dependency_links to follower.egg-info/dependency_links.txt
writing entry points to follower.egg-info/entry_points.txt
writing requirements to follower.egg-info/requires.txt
writing top-level names to follower.egg-info/top_level.txt
reading manifest file 'follower.egg-info/SOURCES.txt'
writing manifest file 'follower.egg-info/SOURCES.txt'
running build_ext
Creating /home/mrey49/25b3976_Sor_Project/install/follower/lib/python3.12/site-packages/follower.egg-link (link to .)
Installing follower script to /home/mrey49/25b3976_Sor_Project/install/follower/lib/follower
Installing tester script to /home/mrey49/25b3976_Sor_Project/install/follower/lib/follower

Installed /home/mrey49/25b3976_Sor_Project/build/follower
running symlink_data
