[5.532s] Invoking command in '/home/mrey49/25b3976_Sor_Project/build/follower': PYTHONPATH=/home/mrey49/25b3976_Sor_Project/build/follower/prefix_override:/usr/lib/python3/dist-packages/colcon_core/task/python/colcon_distutils_commands:/home/mrey49/25b3976_Sor_Project/install/follower/lib/python3.12/site-packages:${PYTHONPATH} /usr/bin/python3 -W ignore:setup.py install is deprecated -W ignore:easy_install command is deprecated setup.py develop --editable --build-directory /home/mrey49/25b3976_Sor_Project/build/follower/build --no-deps symlink_data
[6.025s] /usr/lib/python3/dist-packages/setuptools/dist.py:744: SetuptoolsDeprecationWarning: Invalid dash-separated options
[6.025s] !!
[6.025s] 
[6.026s]         ********************************************************************************
[6.026s]         Usage of dash-separated 'script-dir' will not be supported in future
[6.026s]         versions. Please use the underscore name 'script_dir' instead.
[6.026s] 
[6.027s]         This deprecation is overdue, please update your project and remove deprecated
[6.027s]         calls to avoid build errors in the future.
[6.027s] 
[6.028s]         See https://setuptools.pypa.io/en/latest/userguide/declarative_config.html for details.
[6.028s]         ********************************************************************************
[6.029s] 
[6.029s] !!
[6.029s]   opt = self.warn_dash_deprecation(opt, section)
[6.780s] running develop
[7.642s] running egg_info
[7.717s] writing follower.egg-info/PKG-INFO
[7.720s] writing dependency_links to follower.egg-info/dependency_links.txt
[7.721s] writing entry points to follower.egg-info/entry_points.txt
[7.722s] writing requirements to follower.egg-info/requires.txt
[7.722s] writing top-level names to follower.egg-info/top_level.txt
[7.884s] reading manifest file 'follower.egg-info/SOURCES.txt'
[7.888s] writing manifest file 'follower.egg-info/SOURCES.txt'
[7.970s] running build_ext
[7.971s] Creating /home/mrey49/25b3976_Sor_Project/install/follower/lib/python3.12/site-packages/follower.egg-link (link to .)
[7.974s] Installing follower script to /home/mrey49/25b3976_Sor_Project/install/follower/lib/follower
[7.976s] Installing tester script to /home/mrey49/25b3976_Sor_Project/install/follower/lib/follower
[7.978s] 
[7.978s] Installed /home/mrey49/25b3976_Sor_Project/build/follower
[7.979s] running symlink_data
[8.126s] Invoked command in '/home/mrey49/25b3976_Sor_Project/build/follower' returned '0': PYTHONPATH=/home/mrey49/25b3976_Sor_Project/build/follower/prefix_override:/usr/lib/python3/dist-packages/colcon_core/task/python/colcon_distutils_commands:/home/mrey49/25b3976_Sor_Project/install/follower/lib/python3.12/site-packages:${PYTHONPATH} /usr/bin/python3 -W ignore:setup.py install is deprecated -W ignore:easy_install command is deprecated setup.py develop --editable --build-directory /home/mrey49/25b3976_Sor_Project/build/follower/build --no-deps symlink_data
