[0.930s] DEBUG:colcon:Command line arguments: ['/usr/bin/colcon', 'build', '--symlink-install']
[0.930s] DEBUG:colcon:Parsed command line arguments: Namespace(log_base=None, log_level=None, verb_name='build', build_base='build', install_base='install', merge_install=False, symlink_install=True, test_result_base=None, continue_on_error=False, executor='parallel', parallel_workers=8, event_handlers=None, ignore_user_meta=False, metas=['./colcon.meta'], base_paths=['.'], packages_ignore=None, packages_ignore_regex=None, paths=None, packages_up_to=None, packages_up_to_regex=None, packages_above=None, packages_above_and_dependencies=None, packages_above_depth=None, packages_select_by_dep=None, packages_skip_by_dep=None, packages_skip_up_to=None, packages_select_build_failed=False, packages_skip_build_finished=False, packages_select_test_failures=False, packages_skip_test_passed=False, packages_select=None, packages_skip=None, packages_select_regex=None, packages_skip_regex=None, packages_start=None, packages_end=None, allow_overriding=[], cmake_args=None, cmake_target=None, cmake_target_skip_unavailable=False, cmake_clean_cache=False, cmake_clean_first=False, cmake_force_configure=False, ament_cmake_args=None, catkin_cmake_args=None, catkin_skip_building_tests=False, verb_parser=<colcon_defaults.argument_parser.defaults.DefaultArgumentsDecorator object at 0x7f09aa26fe90>, verb_extension=<colcon_core.verb.build.BuildVerb object at 0x7f09aa3c07d0>, main=<bound method BuildVerb.main of <colcon_core.verb.build.BuildVerb object at 0x7f09aa3c07d0>>)
[1.174s] Level 1:colcon.colcon_core.package_discovery:discover_packages(colcon_meta) check parameters
[1.175s] Level 1:colcon.colcon_core.package_discovery:discover_packages(recursive) check parameters
[1.175s] Level 1:colcon.colcon_core.package_discovery:discover_packages(ignore) check parameters
[1.175s] Level 1:colcon.colcon_core.package_discovery:discover_packages(path) check parameters
[1.175s] Level 1:colcon.colcon_core.package_discovery:discover_packages(colcon_meta) discover
[1.175s] Level 1:colcon.colcon_core.package_discovery:discover_packages(recursive) discover
[1.176s] INFO:colcon.colcon_core.package_discovery:Crawling recursively for packages in '/home/mrey49/25b3976_Sor_Project'
[1.176s] Level 1:colcon.colcon_core.package_identification:_identify(.) by extensions ['ignore', 'ignore_ament_install']
[1.177s] Level 1:colcon.colcon_core.package_identification:_identify(.) by extension 'ignore'
[1.177s] Level 1:colcon.colcon_core.package_identification:_identify(.) by extension 'ignore_ament_install'
[1.177s] Level 1:colcon.colcon_core.package_identification:_identify(.) by extensions ['colcon_pkg']
[1.177s] Level 1:colcon.colcon_core.package_identification:_identify(.) by extension 'colcon_pkg'
[1.177s] Level 1:colcon.colcon_core.package_identification:_identify(.) by extensions ['colcon_meta']
[1.178s] Level 1:colcon.colcon_core.package_identification:_identify(.) by extension 'colcon_meta'
[1.178s] Level 1:colcon.colcon_core.package_identification:_identify(.) by extensions ['ros']
[1.178s] Level 1:colcon.colcon_core.package_identification:_identify(.) by extension 'ros'
[1.279s] Level 1:colcon.colcon_core.package_identification:_identify(.) by extensions ['cmake', 'python']
[1.279s] Level 1:colcon.colcon_core.package_identification:_identify(.) by extension 'cmake'
[1.279s] Level 1:colcon.colcon_core.package_identification:_identify(.) by extension 'python'
[1.279s] Level 1:colcon.colcon_core.package_identification:_identify(.) by extensions ['python_setup_py']
[1.279s] Level 1:colcon.colcon_core.package_identification:_identify(.) by extension 'python_setup_py'
[1.280s] Level 1:colcon.colcon_core.package_identification:_identify(build) by extensions ['ignore', 'ignore_ament_install']
[1.281s] Level 1:colcon.colcon_core.package_identification:_identify(build) by extension 'ignore'
[1.281s] Level 1:colcon.colcon_core.package_identification:_identify(build) ignored
[1.281s] Level 1:colcon.colcon_core.package_identification:_identify(install) by extensions ['ignore', 'ignore_ament_install']
[1.284s] Level 1:colcon.colcon_core.package_identification:_identify(install) by extension 'ignore'
[1.284s] Level 1:colcon.colcon_core.package_identification:_identify(install) ignored
[1.285s] Level 1:colcon.colcon_core.package_identification:_identify(log) by extensions ['ignore', 'ignore_ament_install']
[1.285s] Level 1:colcon.colcon_core.package_identification:_identify(log) by extension 'ignore'
[1.285s] Level 1:colcon.colcon_core.package_identification:_identify(log) ignored
[1.285s] Level 1:colcon.colcon_core.package_identification:_identify(src) by extensions ['ignore', 'ignore_ament_install']
[1.286s] Level 1:colcon.colcon_core.package_identification:_identify(src) by extension 'ignore'
[1.286s] Level 1:colcon.colcon_core.package_identification:_identify(src) by extension 'ignore_ament_install'
[1.286s] Level 1:colcon.colcon_core.package_identification:_identify(src) by extensions ['colcon_pkg']
[1.286s] Level 1:colcon.colcon_core.package_identification:_identify(src) by extension 'colcon_pkg'
[1.286s] Level 1:colcon.colcon_core.package_identification:_identify(src) by extensions ['colcon_meta']
[1.286s] Level 1:colcon.colcon_core.package_identification:_identify(src) by extension 'colcon_meta'
[1.286s] Level 1:colcon.colcon_core.package_identification:_identify(src) by extensions ['ros']
[1.287s] Level 1:colcon.colcon_core.package_identification:_identify(src) by extension 'ros'
[1.287s] Level 1:colcon.colcon_core.package_identification:_identify(src) by extensions ['cmake', 'python']
[1.287s] Level 1:colcon.colcon_core.package_identification:_identify(src) by extension 'cmake'
[1.287s] Level 1:colcon.colcon_core.package_identification:_identify(src) by extension 'python'
[1.287s] Level 1:colcon.colcon_core.package_identification:_identify(src) by extensions ['python_setup_py']
[1.287s] Level 1:colcon.colcon_core.package_identification:_identify(src) by extension 'python_setup_py'
[1.288s] Level 1:colcon.colcon_core.package_identification:_identify(src/follower) by extensions ['ignore', 'ignore_ament_install']
[1.288s] Level 1:colcon.colcon_core.package_identification:_identify(src/follower) by extension 'ignore'
[1.288s] Level 1:colcon.colcon_core.package_identification:_identify(src/follower) by extension 'ignore_ament_install'
[1.288s] Level 1:colcon.colcon_core.package_identification:_identify(src/follower) by extensions ['colcon_pkg']
[1.288s] Level 1:colcon.colcon_core.package_identification:_identify(src/follower) by extension 'colcon_pkg'
[1.289s] Level 1:colcon.colcon_core.package_identification:_identify(src/follower) by extensions ['colcon_meta']
[1.289s] Level 1:colcon.colcon_core.package_identification:_identify(src/follower) by extension 'colcon_meta'
[1.289s] Level 1:colcon.colcon_core.package_identification:_identify(src/follower) by extensions ['ros']
[1.289s] Level 1:colcon.colcon_core.package_identification:_identify(src/follower) by extension 'ros'
[1.302s] DEBUG:colcon.colcon_core.package_identification:Package 'src/follower' with type 'ros.ament_python' and name 'follower'
[1.302s] Level 1:colcon.colcon_core.package_discovery:discover_packages(recursive) using defaults
[1.302s] Level 1:colcon.colcon_core.package_discovery:discover_packages(ignore) discover
[1.302s] Level 1:colcon.colcon_core.package_discovery:discover_packages(ignore) using defaults
[1.302s] Level 1:colcon.colcon_core.package_discovery:discover_packages(path) discover
[1.302s] Level 1:colcon.colcon_core.package_discovery:discover_packages(path) using defaults
[1.391s] Level 1:colcon.colcon_core.package_discovery:discover_packages(prefix_path) check parameters
[1.392s] Level 1:colcon.colcon_core.package_discovery:discover_packages(prefix_path) discover
[1.401s] DEBUG:colcon.colcon_installed_package_information.package_discovery:Found 1 installed packages in /home/mrey49/25b3976_Sor_Project/install
[1.412s] DEBUG:colcon.colcon_installed_package_information.package_discovery:Found 409 installed packages in /opt/ros/jazzy
[1.417s] Level 1:colcon.colcon_core.package_discovery:discover_packages(prefix_path) using defaults
[1.729s] Level 5:colcon.colcon_core.verb:set package 'follower' build argument 'cmake_args' from command line to 'None'
[1.730s] Level 5:colcon.colcon_core.verb:set package 'follower' build argument 'cmake_target' from command line to 'None'
[1.730s] Level 5:colcon.colcon_core.verb:set package 'follower' build argument 'cmake_target_skip_unavailable' from command line to 'False'
[1.730s] Level 5:colcon.colcon_core.verb:set package 'follower' build argument 'cmake_clean_cache' from command line to 'False'
[1.730s] Level 5:colcon.colcon_core.verb:set package 'follower' build argument 'cmake_clean_first' from command line to 'False'
[1.730s] Level 5:colcon.colcon_core.verb:set package 'follower' build argument 'cmake_force_configure' from command line to 'False'
[1.730s] Level 5:colcon.colcon_core.verb:set package 'follower' build argument 'ament_cmake_args' from command line to 'None'
[1.730s] Level 5:colcon.colcon_core.verb:set package 'follower' build argument 'catkin_cmake_args' from command line to 'None'
[1.730s] Level 5:colcon.colcon_core.verb:set package 'follower' build argument 'catkin_skip_building_tests' from command line to 'False'
[1.730s] DEBUG:colcon.colcon_core.verb:Building package 'follower' with the following arguments: {'ament_cmake_args': None, 'build_base': '/home/mrey49/25b3976_Sor_Project/build/follower', 'catkin_cmake_args': None, 'catkin_skip_building_tests': False, 'cmake_args': None, 'cmake_clean_cache': False, 'cmake_clean_first': False, 'cmake_force_configure': False, 'cmake_target': None, 'cmake_target_skip_unavailable': False, 'install_base': '/home/mrey49/25b3976_Sor_Project/install/follower', 'merge_install': False, 'path': '/home/mrey49/25b3976_Sor_Project/src/follower', 'symlink_install': True, 'test_result_base': None}
[1.731s] INFO:colcon.colcon_core.executor:Executing jobs using 'parallel' executor
[1.733s] DEBUG:colcon.colcon_parallel_executor.executor.parallel:run_until_complete
[1.734s] INFO:colcon.colcon_ros.task.ament_python.build:Building ROS package in '/home/mrey49/25b3976_Sor_Project/src/follower' with build type 'ament_python'
[1.734s] Level 1:colcon.colcon_core.shell:create_environment_hook('follower', 'ament_prefix_path')
[1.746s] INFO:colcon.colcon_core.plugin_system:Skipping extension 'colcon_core.shell.bat': Not used on non-Windows systems
[1.747s] INFO:colcon.colcon_core.shell:Creating environment hook '/home/mrey49/25b3976_Sor_Project/install/follower/share/follower/hook/ament_prefix_path.ps1'
[1.750s] INFO:colcon.colcon_core.shell:Creating environment descriptor '/home/mrey49/25b3976_Sor_Project/install/follower/share/follower/hook/ament_prefix_path.dsv'
[1.752s] INFO:colcon.colcon_core.shell:Creating environment hook '/home/mrey49/25b3976_Sor_Project/install/follower/share/follower/hook/ament_prefix_path.sh'
[1.754s] INFO:colcon.colcon_core.shell:Skip shell extension 'powershell' for command environment: Not usable outside of PowerShell
[1.755s] DEBUG:colcon.colcon_core.shell:Skip shell extension 'dsv' for command environment
[2.649s] INFO:colcon.colcon_core.task.python.build:Building Python package in '/home/mrey49/25b3976_Sor_Project/src/follower'
[2.649s] INFO:colcon.colcon_core.shell:Skip shell extension 'powershell' for command environment: Not usable outside of PowerShell
[2.649s] DEBUG:colcon.colcon_core.shell:Skip shell extension 'dsv' for command environment
[5.289s] DEBUG:colcon.colcon_core.event_handler.log_command:Invoking command in '/home/mrey49/25b3976_Sor_Project/build/follower': PYTHONPATH=/home/mrey49/25b3976_Sor_Project/build/follower/prefix_override:/usr/lib/python3/dist-packages/colcon_core/task/python/colcon_distutils_commands:/home/mrey49/25b3976_Sor_Project/install/follower/lib/python3.12/site-packages:${PYTHONPATH} /usr/bin/python3 -W ignore:setup.py install is deprecated -W ignore:easy_install command is deprecated setup.py develop --editable --build-directory /home/mrey49/25b3976_Sor_Project/build/follower/build --no-deps symlink_data
[7.755s] Level 1:colcon.colcon_core.shell:create_environment_hook('follower', 'pythonpath_develop')
[7.756s] DEBUG:colcon.colcon_core.event_handler.log_command:Invoked command in '/home/mrey49/25b3976_Sor_Project/build/follower' returned '0': PYTHONPATH=/home/mrey49/25b3976_Sor_Project/build/follower/prefix_override:/usr/lib/python3/dist-packages/colcon_core/task/python/colcon_distutils_commands:/home/mrey49/25b3976_Sor_Project/install/follower/lib/python3.12/site-packages:${PYTHONPATH} /usr/bin/python3 -W ignore:setup.py install is deprecated -W ignore:easy_install command is deprecated setup.py develop --editable --build-directory /home/mrey49/25b3976_Sor_Project/build/follower/build --no-deps symlink_data
[7.757s] INFO:colcon.colcon_core.shell:Creating environment hook '/home/mrey49/25b3976_Sor_Project/build/follower/share/follower/hook/pythonpath_develop.ps1'
[7.759s] INFO:colcon.colcon_core.shell:Creating environment descriptor '/home/mrey49/25b3976_Sor_Project/build/follower/share/follower/hook/pythonpath_develop.dsv'
[7.761s] INFO:colcon.colcon_core.shell:Creating environment hook '/home/mrey49/25b3976_Sor_Project/build/follower/share/follower/hook/pythonpath_develop.sh'
[7.772s] Level 1:colcon.colcon_core.environment:checking '/home/mrey49/25b3976_Sor_Project/install/follower' for CMake module files
[7.774s] Level 1:colcon.colcon_core.environment:checking '/home/mrey49/25b3976_Sor_Project/install/follower' for CMake config files
[7.778s] Level 1:colcon.colcon_core.environment:checking '/home/mrey49/25b3976_Sor_Project/install/follower/lib'
[7.779s] Level 1:colcon.colcon_core.environment:checking '/home/mrey49/25b3976_Sor_Project/install/follower/bin'
[7.779s] Level 1:colcon.colcon_core.environment:checking '/home/mrey49/25b3976_Sor_Project/install/follower/lib/pkgconfig/follower.pc'
[7.779s] Level 1:colcon.colcon_core.environment:checking '/home/mrey49/25b3976_Sor_Project/install/follower/lib/python3.12/site-packages'
[7.780s] Level 1:colcon.colcon_core.shell:create_environment_hook('follower', 'pythonpath')
[7.780s] INFO:colcon.colcon_core.shell:Creating environment hook '/home/mrey49/25b3976_Sor_Project/install/follower/share/follower/hook/pythonpath.ps1'
[7.782s] INFO:colcon.colcon_core.shell:Creating environment descriptor '/home/mrey49/25b3976_Sor_Project/install/follower/share/follower/hook/pythonpath.dsv'
[7.783s] INFO:colcon.colcon_core.shell:Creating environment hook '/home/mrey49/25b3976_Sor_Project/install/follower/share/follower/hook/pythonpath.sh'
[7.786s] Level 1:colcon.colcon_core.environment:checking '/home/mrey49/25b3976_Sor_Project/install/follower/bin'
[7.786s] Level 1:colcon.colcon_core.environment:create_environment_scripts_only(follower)
[7.787s] INFO:colcon.colcon_core.shell:Creating package script '/home/mrey49/25b3976_Sor_Project/install/follower/share/follower/package.ps1'
[7.791s] INFO:colcon.colcon_core.shell:Creating package descriptor '/home/mrey49/25b3976_Sor_Project/install/follower/share/follower/package.dsv'
[7.793s] INFO:colcon.colcon_core.shell:Creating package script '/home/mrey49/25b3976_Sor_Project/install/follower/share/follower/package.sh'
[7.796s] INFO:colcon.colcon_core.shell:Creating package script '/home/mrey49/25b3976_Sor_Project/install/follower/share/follower/package.bash'
[7.798s] INFO:colcon.colcon_core.shell:Creating package script '/home/mrey49/25b3976_Sor_Project/install/follower/share/follower/package.zsh'
[7.800s] Level 1:colcon.colcon_core.environment:create_file_with_runtime_dependencies(/home/mrey49/25b3976_Sor_Project/install/follower/share/colcon-core/packages/follower)
[7.802s] DEBUG:colcon.colcon_parallel_executor.executor.parallel:closing loop
[7.805s] DEBUG:colcon.colcon_parallel_executor.executor.parallel:loop closed
[7.806s] DEBUG:colcon.colcon_parallel_executor.executor.parallel:run_until_complete finished with '0'
[7.806s] DEBUG:colcon.colcon_core.event_reactor:joining thread
[8.025s] INFO:colcon.colcon_core.plugin_system:Skipping extension 'colcon_notification.desktop_notification.notify_send': Could not find 'notify-send'
[8.025s] INFO:colcon.colcon_core.plugin_system:Skipping extension 'colcon_notification.desktop_notification.terminal_notifier': Not used on non-Darwin systems
[8.026s] INFO:colcon.colcon_core.plugin_system:Skipping extension 'colcon_notification.desktop_notification.win32': Not used on non-Windows systems
[8.026s] INFO:colcon.colcon_notification.desktop_notification:Sending desktop notification using 'notify2'
[8.035s] DEBUG:colcon.colcon_notification.desktop_notification.notify2:Failed to initialize notify2: org.freedesktop.DBus.Error.ServiceUnknown: The name org.freedesktop.Notifications was not provided by any .service files
[8.036s] DEBUG:colcon.colcon_core.event_reactor:joined thread
[8.036s] INFO:colcon.colcon_core.shell:Creating prefix script '/home/mrey49/25b3976_Sor_Project/install/local_setup.ps1'
[8.039s] INFO:colcon.colcon_core.shell:Creating prefix util module '/home/mrey49/25b3976_Sor_Project/install/_local_setup_util_ps1.py'
[8.043s] INFO:colcon.colcon_core.shell:Creating prefix chain script '/home/mrey49/25b3976_Sor_Project/install/setup.ps1'
[8.047s] INFO:colcon.colcon_core.shell:Creating prefix script '/home/mrey49/25b3976_Sor_Project/install/local_setup.sh'
[8.049s] INFO:colcon.colcon_core.shell:Creating prefix util module '/home/mrey49/25b3976_Sor_Project/install/_local_setup_util_sh.py'
[8.051s] INFO:colcon.colcon_core.shell:Creating prefix chain script '/home/mrey49/25b3976_Sor_Project/install/setup.sh'
[8.055s] INFO:colcon.colcon_core.shell:Creating prefix script '/home/mrey49/25b3976_Sor_Project/install/local_setup.bash'
[8.057s] INFO:colcon.colcon_core.shell:Creating prefix chain script '/home/mrey49/25b3976_Sor_Project/install/setup.bash'
[8.060s] INFO:colcon.colcon_core.shell:Creating prefix script '/home/mrey49/25b3976_Sor_Project/install/local_setup.zsh'
[8.063s] INFO:colcon.colcon_core.shell:Creating prefix chain script '/home/mrey49/25b3976_Sor_Project/install/setup.zsh'
