[1.088s] DEBUG:colcon:Command line arguments: ['/usr/bin/colcon', 'build', '--symlink-install']
[1.089s] DEBUG:colcon:Parsed command line arguments: Namespace(log_base=None, log_level=None, verb_name='build', build_base='build', install_base='install', merge_install=False, symlink_install=True, test_result_base=None, continue_on_error=False, executor='parallel', parallel_workers=8, event_handlers=None, ignore_user_meta=False, metas=['./colcon.meta'], base_paths=['.'], packages_ignore=None, packages_ignore_regex=None, paths=None, packages_up_to=None, packages_up_to_regex=None, packages_above=None, packages_above_and_dependencies=None, packages_above_depth=None, packages_select_by_dep=None, packages_skip_by_dep=None, packages_skip_up_to=None, packages_select_build_failed=False, packages_skip_build_finished=False, packages_select_test_failures=False, packages_skip_test_passed=False, packages_select=None, packages_skip=None, packages_select_regex=None, packages_skip_regex=None, packages_start=None, packages_end=None, allow_overriding=[], cmake_args=None, cmake_target=None, cmake_target_skip_unavailable=False, cmake_clean_cache=False, cmake_clean_first=False, cmake_force_configure=False, ament_cmake_args=None, catkin_cmake_args=None, catkin_skip_building_tests=False, verb_parser=<colcon_defaults.argument_parser.defaults.DefaultArgumentsDecorator object at 0x7d6da6273d10>, verb_extension=<colcon_core.verb.build.BuildVerb object at 0x7d6da63c4440>, main=<bound method BuildVerb.main of <colcon_core.verb.build.BuildVerb object at 0x7d6da63c4440>>)
[1.323s] Level 1:colcon.colcon_core.package_discovery:discover_packages(colcon_meta) check parameters
[1.323s] Level 1:colcon.colcon_core.package_discovery:discover_packages(recursive) check parameters
[1.323s] Level 1:colcon.colcon_core.package_discovery:discover_packages(ignore) check parameters
[1.323s] Level 1:colcon.colcon_core.package_discovery:discover_packages(path) check parameters
[1.324s] Level 1:colcon.colcon_core.package_discovery:discover_packages(colcon_meta) discover
[1.324s] Level 1:colcon.colcon_core.package_discovery:discover_packages(recursive) discover
[1.324s] INFO:colcon.colcon_core.package_discovery:Crawling recursively for packages in '/home/mrey49/25b3976_Sor_Project'
[1.324s] Level 1:colcon.colcon_core.package_identification:_identify(.) by extensions ['ignore', 'ignore_ament_install']
[1.325s] Level 1:colcon.colcon_core.package_identification:_identify(.) by extension 'ignore'
[1.325s] Level 1:colcon.colcon_core.package_identification:_identify(.) by extension 'ignore_ament_install'
[1.325s] Level 1:colcon.colcon_core.package_identification:_identify(.) by extensions ['colcon_pkg']
[1.325s] Level 1:colcon.colcon_core.package_identification:_identify(.) by extension 'colcon_pkg'
[1.325s] Level 1:colcon.colcon_core.package_identification:_identify(.) by extensions ['colcon_meta']
[1.326s] Level 1:colcon.colcon_core.package_identification:_identify(.) by extension 'colcon_meta'
[1.326s] Level 1:colcon.colcon_core.package_identification:_identify(.) by extensions ['ros']
[1.326s] Level 1:colcon.colcon_core.package_identification:_identify(.) by extension 'ros'
[1.467s] Level 1:colcon.colcon_core.package_identification:_identify(.) by extensions ['cmake', 'python']
[1.467s] Level 1:colcon.colcon_core.package_identification:_identify(.) by extension 'cmake'
[1.467s] Level 1:colcon.colcon_core.package_identification:_identify(.) by extension 'python'
[1.467s] Level 1:colcon.colcon_core.package_identification:_identify(.) by extensions ['python_setup_py']
[1.467s] Level 1:colcon.colcon_core.package_identification:_identify(.) by extension 'python_setup_py'
[1.468s] Level 1:colcon.colcon_core.package_identification:_identify(build) by extensions ['ignore', 'ignore_ament_install']
[1.468s] Level 1:colcon.colcon_core.package_identification:_identify(build) by extension 'ignore'
[1.468s] Level 1:colcon.colcon_core.package_identification:_identify(build) ignored
[1.469s] Level 1:colcon.colcon_core.package_identification:_identify(install) by extensions ['ignore', 'ignore_ament_install']
[1.470s] Level 1:colcon.colcon_core.package_identification:_identify(install) by extension 'ignore'
[1.470s] Level 1:colcon.colcon_core.package_identification:_identify(install) ignored
[1.470s] Level 1:colcon.colcon_core.package_identification:_identify(log) by extensions ['ignore', 'ignore_ament_install']
[1.471s] Level 1:colcon.colcon_core.package_identification:_identify(log) by extension 'ignore'
[1.471s] Level 1:colcon.colcon_core.package_identification:_identify(log) ignored
[1.471s] Level 1:colcon.colcon_core.package_identification:_identify(src) by extensions ['ignore', 'ignore_ament_install']
[1.471s] Level 1:colcon.colcon_core.package_identification:_identify(src) by extension 'ignore'
[1.472s] Level 1:colcon.colcon_core.package_identification:_identify(src) by extension 'ignore_ament_install'
[1.472s] Level 1:colcon.colcon_core.package_identification:_identify(src) by extensions ['colcon_pkg']
[1.472s] Level 1:colcon.colcon_core.package_identification:_identify(src) by extension 'colcon_pkg'
[1.472s] Level 1:colcon.colcon_core.package_identification:_identify(src) by extensions ['colcon_meta']
[1.472s] Level 1:colcon.colcon_core.package_identification:_identify(src) by extension 'colcon_meta'
[1.473s] Level 1:colcon.colcon_core.package_identification:_identify(src) by extensions ['ros']
[1.473s] Level 1:colcon.colcon_core.package_identification:_identify(src) by extension 'ros'
[1.473s] Level 1:colcon.colcon_core.package_identification:_identify(src) by extensions ['cmake', 'python']
[1.473s] Level 1:colcon.colcon_core.package_identification:_identify(src) by extension 'cmake'
[1.473s] Level 1:colcon.colcon_core.package_identification:_identify(src) by extension 'python'
[1.473s] Level 1:colcon.colcon_core.package_identification:_identify(src) by extensions ['python_setup_py']
[1.474s] Level 1:colcon.colcon_core.package_identification:_identify(src) by extension 'python_setup_py'
[1.474s] Level 1:colcon.colcon_core.package_identification:_identify(src/follower) by extensions ['ignore', 'ignore_ament_install']
[1.474s] Level 1:colcon.colcon_core.package_identification:_identify(src/follower) by extension 'ignore'
[1.474s] Level 1:colcon.colcon_core.package_identification:_identify(src/follower) by extension 'ignore_ament_install'
[1.475s] Level 1:colcon.colcon_core.package_identification:_identify(src/follower) by extensions ['colcon_pkg']
[1.475s] Level 1:colcon.colcon_core.package_identification:_identify(src/follower) by extension 'colcon_pkg'
[1.475s] Level 1:colcon.colcon_core.package_identification:_identify(src/follower) by extensions ['colcon_meta']
[1.475s] Level 1:colcon.colcon_core.package_identification:_identify(src/follower) by extension 'colcon_meta'
[1.475s] Level 1:colcon.colcon_core.package_identification:_identify(src/follower) by extensions ['ros']
[1.475s] Level 1:colcon.colcon_core.package_identification:_identify(src/follower) by extension 'ros'
[1.492s] DEBUG:colcon.colcon_core.package_identification:Package 'src/follower' with type 'ros.ament_python' and name 'follower'
[1.493s] Level 1:colcon.colcon_core.package_discovery:discover_packages(recursive) using defaults
[1.493s] Level 1:colcon.colcon_core.package_discovery:discover_packages(ignore) discover
[1.493s] Level 1:colcon.colcon_core.package_discovery:discover_packages(ignore) using defaults
[1.493s] Level 1:colcon.colcon_core.package_discovery:discover_packages(path) discover
[1.493s] Level 1:colcon.colcon_core.package_discovery:discover_packages(path) using defaults
[1.604s] Level 1:colcon.colcon_core.package_discovery:discover_packages(prefix_path) check parameters
[1.604s] Level 1:colcon.colcon_core.package_discovery:discover_packages(prefix_path) discover
[1.616s] DEBUG:colcon.colcon_installed_package_information.package_discovery:Found 1 installed packages in /home/mrey49/25b3976_Sor_Project/install
[1.624s] DEBUG:colcon.colcon_installed_package_information.package_discovery:Found 409 installed packages in /opt/ros/jazzy
[1.631s] Level 1:colcon.colcon_core.package_discovery:discover_packages(prefix_path) using defaults
[2.011s] Level 5:colcon.colcon_core.verb:set package 'follower' build argument 'cmake_args' from command line to 'None'
[2.011s] Level 5:colcon.colcon_core.verb:set package 'follower' build argument 'cmake_target' from command line to 'None'
[2.011s] Level 5:colcon.colcon_core.verb:set package 'follower' build argument 'cmake_target_skip_unavailable' from command line to 'False'
[2.011s] Level 5:colcon.colcon_core.verb:set package 'follower' build argument 'cmake_clean_cache' from command line to 'False'
[2.011s] Level 5:colcon.colcon_core.verb:set package 'follower' build argument 'cmake_clean_first' from command line to 'False'
[2.012s] Level 5:colcon.colcon_core.verb:set package 'follower' build argument 'cmake_force_configure' from command line to 'False'
[2.012s] Level 5:colcon.colcon_core.verb:set package 'follower' build argument 'ament_cmake_args' from command line to 'None'
[2.012s] Level 5:colcon.colcon_core.verb:set package 'follower' build argument 'catkin_cmake_args' from command line to 'None'
[2.012s] Level 5:colcon.colcon_core.verb:set package 'follower' build argument 'catkin_skip_building_tests' from command line to 'False'
[2.012s] DEBUG:colcon.colcon_core.verb:Building package 'follower' with the following arguments: {'ament_cmake_args': None, 'build_base': '/home/mrey49/25b3976_Sor_Project/build/follower', 'catkin_cmake_args': None, 'catkin_skip_building_tests': False, 'cmake_args': None, 'cmake_clean_cache': False, 'cmake_clean_first': False, 'cmake_force_configure': False, 'cmake_target': None, 'cmake_target_skip_unavailable': False, 'install_base': '/home/mrey49/25b3976_Sor_Project/install/follower', 'merge_install': False, 'path': '/home/mrey49/25b3976_Sor_Project/src/follower', 'symlink_install': True, 'test_result_base': None}
[2.012s] INFO:colcon.colcon_core.executor:Executing jobs using 'parallel' executor
[2.020s] DEBUG:colcon.colcon_parallel_executor.executor.parallel:run_until_complete
[2.021s] INFO:colcon.colcon_ros.task.ament_python.build:Building ROS package in '/home/mrey49/25b3976_Sor_Project/src/follower' with build type 'ament_python'
[2.021s] Level 1:colcon.colcon_core.shell:create_environment_hook('follower', 'ament_prefix_path')
[2.034s] INFO:colcon.colcon_core.plugin_system:Skipping extension 'colcon_core.shell.bat': Not used on non-Windows systems
[2.037s] INFO:colcon.colcon_core.shell:Creating environment hook '/home/mrey49/25b3976_Sor_Project/install/follower/share/follower/hook/ament_prefix_path.ps1'
[2.043s] INFO:colcon.colcon_core.shell:Creating environment descriptor '/home/mrey49/25b3976_Sor_Project/install/follower/share/follower/hook/ament_prefix_path.dsv'
[2.046s] INFO:colcon.colcon_core.shell:Creating environment hook '/home/mrey49/25b3976_Sor_Project/install/follower/share/follower/hook/ament_prefix_path.sh'
[2.049s] INFO:colcon.colcon_core.shell:Skip shell extension 'powershell' for command environment: Not usable outside of PowerShell
[2.049s] DEBUG:colcon.colcon_core.shell:Skip shell extension 'dsv' for command environment
[3.181s] INFO:colcon.colcon_core.task.python.build:Building Python package in '/home/mrey49/25b3976_Sor_Project/src/follower'
[3.181s] INFO:colcon.colcon_core.shell:Skip shell extension 'powershell' for command environment: Not usable outside of PowerShell
[3.181s] DEBUG:colcon.colcon_core.shell:Skip shell extension 'dsv' for command environment
[6.497s] DEBUG:colcon.colcon_core.event_handler.log_command:Invoking command in '/home/mrey49/25b3976_Sor_Project/build/follower': PYTHONPATH=/home/mrey49/25b3976_Sor_Project/build/follower/prefix_override:/usr/lib/python3/dist-packages/colcon_core/task/python/colcon_distutils_commands:/home/mrey49/25b3976_Sor_Project/install/follower/lib/python3.12/site-packages:${PYTHONPATH} /usr/bin/python3 -W ignore:setup.py install is deprecated -W ignore:easy_install command is deprecated setup.py develop --editable --build-directory /home/mrey49/25b3976_Sor_Project/build/follower/build --no-deps symlink_data
[9.287s] Level 1:colcon.colcon_core.shell:create_environment_hook('follower', 'pythonpath_develop')
[9.288s] INFO:colcon.colcon_core.shell:Creating environment hook '/home/mrey49/25b3976_Sor_Project/build/follower/share/follower/hook/pythonpath_develop.ps1'
[9.290s] DEBUG:colcon.colcon_core.event_handler.log_command:Invoked command in '/home/mrey49/25b3976_Sor_Project/build/follower' returned '0': PYTHONPATH=/home/mrey49/25b3976_Sor_Project/build/follower/prefix_override:/usr/lib/python3/dist-packages/colcon_core/task/python/colcon_distutils_commands:/home/mrey49/25b3976_Sor_Project/install/follower/lib/python3.12/site-packages:${PYTHONPATH} /usr/bin/python3 -W ignore:setup.py install is deprecated -W ignore:easy_install command is deprecated setup.py develop --editable --build-directory /home/mrey49/25b3976_Sor_Project/build/follower/build --no-deps symlink_data
[9.293s] INFO:colcon.colcon_core.shell:Creating environment descriptor '/home/mrey49/25b3976_Sor_Project/build/follower/share/follower/hook/pythonpath_develop.dsv'
[9.295s] INFO:colcon.colcon_core.shell:Creating environment hook '/home/mrey49/25b3976_Sor_Project/build/follower/share/follower/hook/pythonpath_develop.sh'
[9.310s] Level 1:colcon.colcon_core.environment:checking '/home/mrey49/25b3976_Sor_Project/install/follower' for CMake module files
[9.312s] Level 1:colcon.colcon_core.environment:checking '/home/mrey49/25b3976_Sor_Project/install/follower' for CMake config files
[9.320s] Level 1:colcon.colcon_core.environment:checking '/home/mrey49/25b3976_Sor_Project/install/follower/lib'
[9.321s] Level 1:colcon.colcon_core.environment:checking '/home/mrey49/25b3976_Sor_Project/install/follower/bin'
[9.321s] Level 1:colcon.colcon_core.environment:checking '/home/mrey49/25b3976_Sor_Project/install/follower/lib/pkgconfig/follower.pc'
[9.321s] Level 1:colcon.colcon_core.environment:checking '/home/mrey49/25b3976_Sor_Project/install/follower/lib/python3.12/site-packages'
[9.322s] Level 1:colcon.colcon_core.shell:create_environment_hook('follower', 'pythonpath')
[9.322s] INFO:colcon.colcon_core.shell:Creating environment hook '/home/mrey49/25b3976_Sor_Project/install/follower/share/follower/hook/pythonpath.ps1'
[9.324s] INFO:colcon.colcon_core.shell:Creating environment descriptor '/home/mrey49/25b3976_Sor_Project/install/follower/share/follower/hook/pythonpath.dsv'
[9.325s] INFO:colcon.colcon_core.shell:Creating environment hook '/home/mrey49/25b3976_Sor_Project/install/follower/share/follower/hook/pythonpath.sh'
[9.327s] Level 1:colcon.colcon_core.environment:checking '/home/mrey49/25b3976_Sor_Project/install/follower/bin'
[9.328s] Level 1:colcon.colcon_core.environment:create_environment_scripts_only(follower)
[9.329s] INFO:colcon.colcon_core.shell:Creating package script '/home/mrey49/25b3976_Sor_Project/install/follower/share/follower/package.ps1'
[9.333s] INFO:colcon.colcon_core.shell:Creating package descriptor '/home/mrey49/25b3976_Sor_Project/install/follower/share/follower/package.dsv'
[9.336s] INFO:colcon.colcon_core.shell:Creating package script '/home/mrey49/25b3976_Sor_Project/install/follower/share/follower/package.sh'
[9.339s] INFO:colcon.colcon_core.shell:Creating package script '/home/mrey49/25b3976_Sor_Project/install/follower/share/follower/package.bash'
[9.341s] INFO:colcon.colcon_core.shell:Creating package script '/home/mrey49/25b3976_Sor_Project/install/follower/share/follower/package.zsh'
[9.343s] Level 1:colcon.colcon_core.environment:create_file_with_runtime_dependencies(/home/mrey49/25b3976_Sor_Project/install/follower/share/colcon-core/packages/follower)
[9.345s] DEBUG:colcon.colcon_parallel_executor.executor.parallel:closing loop
[9.348s] DEBUG:colcon.colcon_parallel_executor.executor.parallel:loop closed
[9.348s] DEBUG:colcon.colcon_parallel_executor.executor.parallel:run_until_complete finished with '0'
[9.349s] DEBUG:colcon.colcon_core.event_reactor:joining thread
[9.570s] INFO:colcon.colcon_core.plugin_system:Skipping extension 'colcon_notification.desktop_notification.notify_send': Could not find 'notify-send'
[9.570s] INFO:colcon.colcon_core.plugin_system:Skipping extension 'colcon_notification.desktop_notification.terminal_notifier': Not used on non-Darwin systems
[9.571s] INFO:colcon.colcon_core.plugin_system:Skipping extension 'colcon_notification.desktop_notification.win32': Not used on non-Windows systems
[9.571s] INFO:colcon.colcon_notification.desktop_notification:Sending desktop notification using 'notify2'
[9.640s] DEBUG:colcon.colcon_notification.desktop_notification.notify2:Failed to initialize notify2: org.freedesktop.DBus.Error.ServiceUnknown: The name org.freedesktop.Notifications was not provided by any .service files
[9.641s] DEBUG:colcon.colcon_core.event_reactor:joined thread
[9.641s] INFO:colcon.colcon_core.shell:Creating prefix script '/home/mrey49/25b3976_Sor_Project/install/local_setup.ps1'
[9.646s] INFO:colcon.colcon_core.shell:Creating prefix util module '/home/mrey49/25b3976_Sor_Project/install/_local_setup_util_ps1.py'
[9.654s] INFO:colcon.colcon_core.shell:Creating prefix chain script '/home/mrey49/25b3976_Sor_Project/install/setup.ps1'
[9.659s] INFO:colcon.colcon_core.shell:Creating prefix script '/home/mrey49/25b3976_Sor_Project/install/local_setup.sh'
[9.665s] INFO:colcon.colcon_core.shell:Creating prefix util module '/home/mrey49/25b3976_Sor_Project/install/_local_setup_util_sh.py'
[9.670s] INFO:colcon.colcon_core.shell:Creating prefix chain script '/home/mrey49/25b3976_Sor_Project/install/setup.sh'
[9.676s] INFO:colcon.colcon_core.shell:Creating prefix script '/home/mrey49/25b3976_Sor_Project/install/local_setup.bash'
[9.679s] INFO:colcon.colcon_core.shell:Creating prefix chain script '/home/mrey49/25b3976_Sor_Project/install/setup.bash'
[9.686s] INFO:colcon.colcon_core.shell:Creating prefix script '/home/mrey49/25b3976_Sor_Project/install/local_setup.zsh'
[9.691s] INFO:colcon.colcon_core.shell:Creating prefix chain script '/home/mrey49/25b3976_Sor_Project/install/setup.zsh'
