[4.200s] Invoking command in '/home/mrey49/25b3976_Sor_Project/build/follower': PYTHONPATH=/home/mrey49/25b3976_Sor_Project/build/follower/prefix_override:/usr/lib/python3/dist-packages/colcon_core/task/python/colcon_distutils_commands:/home/mrey49/25b3976_Sor_Project/install/follower/lib/python3.12/site-packages:${PYTHONPATH} /usr/bin/python3 -W ignore:setup.py install is deprecated -W ignore:easy_install command is deprecated setup.py develop --editable --build-directory /home/mrey49/25b3976_Sor_Project/build/follower/build --no-deps symlink_data
[4.700s] /usr/lib/python3/dist-packages/setuptools/dist.py:744: SetuptoolsDeprecationWarning: Invalid dash-separated options
[4.701s] !!
[4.701s] 
[4.701s]         ********************************************************************************
[4.701s]         Usage of dash-separated 'script-dir' will not be supported in future
[4.702s]         versions. Please use the underscore name 'script_dir' instead.
[4.702s] 
[4.702s]         This deprecation is overdue, please update your project and remove deprecated
[4.702s]         calls to avoid build errors in the future.
[4.702s] 
[4.703s]         See https://setuptools.pypa.io/en/latest/userguide/declarative_config.html for details.
[4.703s]         ********************************************************************************
[4.703s] 
[4.704s] !!
[4.704s]   opt = self.warn_dash_deprecation(opt, section)
[5.566s] running develop
[6.366s] running egg_info
[6.442s] writing follower.egg-info/PKG-INFO
[6.443s] writing dependency_links to follower.egg-info/dependency_links.txt
[6.444s] writing entry points to follower.egg-info/entry_points.txt
[6.445s] writing requirements to follower.egg-info/requires.txt
[6.446s] writing top-level names to follower.egg-info/top_level.txt
[6.604s] reading manifest file 'follower.egg-info/SOURCES.txt'
[6.607s] writing manifest file 'follower.egg-info/SOURCES.txt'
[6.689s] running build_ext
[6.690s] Creating /home/mrey49/25b3976_Sor_Project/install/follower/lib/python3.12/site-packages/follower.egg-link (link to .)
[6.692s] Installing follower script to /home/mrey49/25b3976_Sor_Project/install/follower/lib/follower
[6.694s] Installing tester script to /home/mrey49/25b3976_Sor_Project/install/follower/lib/follower
[6.696s] 
[6.697s] Installed /home/mrey49/25b3976_Sor_Project/build/follower
[6.698s] running symlink_data
[6.811s] Invoked command in '/home/mrey49/25b3976_Sor_Project/build/follower' returned '0': PYTHONPATH=/home/mrey49/25b3976_Sor_Project/build/follower/prefix_override:/usr/lib/python3/dist-packages/colcon_core/task/python/colcon_distutils_commands:/home/mrey49/25b3976_Sor_Project/install/follower/lib/python3.12/site-packages:${PYTHONPATH} /usr/bin/python3 -W ignore:setup.py install is deprecated -W ignore:easy_install command is deprecated setup.py develop --editable --build-directory /home/mrey49/25b3976_Sor_Project/build/follower/build --no-deps symlink_data
