[4.996s] Invoking command in '/home/mrey49/25b3976_Sor_Project/build/follower': PYTHONPATH=/home/mrey49/25b3976_Sor_Project/build/follower/prefix_override:/usr/lib/python3/dist-packages/colcon_core/task/python/colcon_distutils_commands:/home/mrey49/25b3976_Sor_Project/install/follower/lib/python3.12/site-packages:${PYTHONPATH} /usr/bin/python3 -W ignore:setup.py install is deprecated -W ignore:easy_install command is deprecated setup.py develop --editable --build-directory /home/mrey49/25b3976_Sor_Project/build/follower/build --no-deps symlink_data
[5.485s] /usr/lib/python3/dist-packages/setuptools/dist.py:744: SetuptoolsDeprecationWarning: Invalid dash-separated options
[5.486s] !!
[5.486s] 
[5.486s]         ********************************************************************************
[5.486s]         Usage of dash-separated 'script-dir' will not be supported in future
[5.487s]         versions. Please use the underscore name 'script_dir' instead.
[5.487s] 
[5.487s]         This deprecation is overdue, please update your project and remove deprecated
[5.487s]         calls to avoid build errors in the future.
[5.487s] 
[5.488s]         See https://setuptools.pypa.io/en/latest/userguide/declarative_config.html for details.
[5.488s]         ********************************************************************************
[5.488s] 
[5.488s] !!
[5.489s]   opt = self.warn_dash_deprecation(opt, section)
[6.547s] running develop
[7.455s] running egg_info
[7.529s] writing follower.egg-info/PKG-INFO
[7.530s] writing dependency_links to follower.egg-info/dependency_links.txt
[7.531s] writing entry points to follower.egg-info/entry_points.txt
[7.532s] writing requirements to follower.egg-info/requires.txt
[7.533s] writing top-level names to follower.egg-info/top_level.txt
[7.700s] reading manifest file 'follower.egg-info/SOURCES.txt'
[7.704s] writing manifest file 'follower.egg-info/SOURCES.txt'
[7.790s] running build_ext
[7.791s] Creating /home/mrey49/25b3976_Sor_Project/install/follower/lib/python3.12/site-packages/follower.egg-link (link to .)
[7.793s] Installing follower script to /home/mrey49/25b3976_Sor_Project/install/follower/lib/follower
[7.794s] Installing tester script to /home/mrey49/25b3976_Sor_Project/install/follower/lib/follower
[7.795s] 
[7.796s] Installed /home/mrey49/25b3976_Sor_Project/build/follower
[7.797s] running symlink_data
[7.930s] Invoked command in '/home/mrey49/25b3976_Sor_Project/build/follower' returned '0': PYTHONPATH=/home/mrey49/25b3976_Sor_Project/build/follower/prefix_override:/usr/lib/python3/dist-packages/colcon_core/task/python/colcon_distutils_commands:/home/mrey49/25b3976_Sor_Project/install/follower/lib/python3.12/site-packages:${PYTHONPATH} /usr/bin/python3 -W ignore:setup.py install is deprecated -W ignore:easy_install command is deprecated setup.py develop --editable --build-directory /home/mrey49/25b3976_Sor_Project/build/follower/build --no-deps symlink_data
